TN:
SF:src\app\app.component.ts
FNF:0
FNH:0
DA:7,1
DA:8,1
LF:2
LH:2
BRF:0
BRH:0
end_of_record
TN:
SF:src\app\main-container\components\competence\components\competence-register\competence-register-routing.module.ts
FNF:0
FNH:0
DA:6,1
DA:17,1
LF:2
LH:2
BRF:0
BRH:0
end_of_record
TN:
SF:src\app\main-container\components\competence\components\competence-register\competence-register.component.ts
FN:13,(anonymous_0)
FN:15,(anonymous_1)
FN:19,(anonymous_2)
FN:23,(anonymous_3)
FNF:4
FNH:3
FNDA:6,(anonymous_0)
FNDA:6,(anonymous_1)
FNDA:2,(anonymous_2)
FNDA:0,(anonymous_3)
DA:10,1
DA:11,6
DA:13,6
DA:16,6
DA:20,2
LF:5
LH:5
BRF:0
BRH:0
end_of_record
TN:
SF:src\app\main-container\components\competence\components\competence-register\competence-register.module.ts
FNF:0
FNH:0
DA:20,1
LF:1
LH:1
BRF:0
BRH:0
end_of_record
TN:
SF:src\app\main-container\components\competence\components\competence-register\constants\competence-breadcrumbs.ts
FNF:0
FNH:0
DA:4,1
LF:1
LH:1
BRF:0
BRH:0
end_of_record
TN:
SF:src\app\main-container\components\competence\components\competence-register\services\competence-register-form.service.ts
FN:8,(anonymous_0)
FNF:1
FNH:1
FNDA:13,(anonymous_0)
DA:7,1
DA:9,13
LF:2
LH:2
BRF:0
BRH:0
end_of_record
TN:
SF:src\app\shared\contracts\base-form-service\base-form-service.ts
FN:8,(anonymous_0)
FN:12,(anonymous_1)
FN:17,(anonymous_2)
FN:22,(anonymous_3)
FN:27,(anonymous_4)
FN:31,(anonymous_5)
FN:36,(anonymous_6)
FNF:7
FNH:7
FNDA:23,(anonymous_0)
FNDA:8,(anonymous_1)
FNDA:49,(anonymous_2)
FNDA:34,(anonymous_3)
FNDA:18,(anonymous_4)
FNDA:34,(anonymous_5)
FNDA:125,(anonymous_6)
DA:5,1
DA:6,23
DA:8,23
DA:13,8
DA:14,7
DA:18,49
DA:19,49
DA:23,34
DA:24,34
DA:28,18
DA:32,34
DA:33,34
DA:37,125
DA:38,1
LF:14
LH:14
BRDA:37,0,0,1
BRF:1
BRH:1
end_of_record
TN:
SF:src\app\shared\contracts\base-form-service\test\base-form-service-stub.ts
FN:8,(anonymous_0)
FNF:1
FNH:1
FNDA:10,(anonymous_0)
DA:7,1
DA:9,10
LF:2
LH:2
BRF:0
BRH:0
end_of_record
TN:
SF:src\app\shared\layout\action-header\action-header.component.ts
FN:12,(anonymous_0)
FN:16,(anonymous_1)
FNF:2
FNH:2
FNDA:14,(anonymous_0)
FNDA:1,(anonymous_1)
DA:11,1
DA:12,14
DA:13,14
DA:17,1
LF:4
LH:4
BRF:0
BRH:0
end_of_record
TN:
SF:src\app\shared\layout\action-header\action-header.module.ts
FNF:0
FNH:0
DA:13,1
LF:1
LH:1
BRF:0
BRH:0
end_of_record
TN:
SF:src\app\shared\layout\action-header\contract\action-header.ts
FNF:0
FNH:0
DA:5,1
DA:9,20
DA:11,20
LF:3
LH:3
BRF:0
BRH:0
end_of_record
TN:
SF:src\app\shared\layout\action-header\test\breadcrumb-paths-mock.ts
FNF:0
FNH:0
DA:4,1
LF:1
LH:1
BRF:0
BRH:0
end_of_record
TN:
SF:src\app\shared\layout\register-container\register-container.component.ts
FNF:0
FNH:0
DA:10,1
LF:1
LH:1
BRF:0
BRH:0
end_of_record
TN:
SF:src\app\shared\layout\register-container\register-container.module.ts
FNF:0
FNH:0
DA:12,1
LF:1
LH:1
BRF:0
BRH:0
end_of_record
TN:
SF:src\app\shared\layout\side-bar-container\side-bar-container.component.ts
FN:13,(anonymous_0)
FN:15,(anonymous_1)
FNF:2
FNH:2
FNDA:3,(anonymous_0)
FNDA:1,(anonymous_1)
DA:10,1
DA:11,3
DA:13,3
DA:16,1
LF:4
LH:4
BRF:0
BRH:0
end_of_record
TN:
SF:src\app\shared\layout\side-bar-container\side-bar-container.module.ts
FNF:0
FNH:0
DA:12,1
LF:1
LH:1
BRF:0
BRH:0
end_of_record
TN:
SF:src\app\shared\layout\side-bar-container\constants\options.ts
FNF:0
FNH:0
DA:4,1
LF:1
LH:1
BRF:0
BRH:0
end_of_record
TN:
SF:src\app\shared\layout\side-bar-container\test\menu-items-mock.ts
FNF:0
FNH:0
DA:4,1
LF:1
LH:1
BRF:0
BRH:0
end_of_record
TN:
SF:src\app\shared\routes\app-routes.ts
FNF:0
FNH:0
DA:1,1
LF:1
LH:1
BRF:0
BRH:0
end_of_record
